{"level":"debug","message":"cheking metadata => title: (Terreneitor) description: (EL COCHE MAS PODEROSO QUE HA EXISTIDO). Metadata loaded successfully.","timestamp":"2024-06-07T17:04:44.843Z"}
{"level":"debug","message":"cheking metadata => title: (Terreneitor) description: (EL COCHE MAS PODEROSO QUE HA EXISTIDO). Metadata loaded successfully.","timestamp":"2024-06-07T17:04:44.947Z"}
{"level":"debug","message":"cheking metadata => title: (Terreneitor) description: (EL COCHE MAS PODEROSO QUE HA EXISTIDO). Metadata loaded successfully.","timestamp":"2024-06-07T17:04:54.934Z"}
{"level":"debug","message":"cheking metadata => title: (Terreneitor) description: (EL COCHE MAS PODEROSO QUE HA EXISTIDO). Metadata loaded successfully.","timestamp":"2024-06-07T17:04:55.285Z"}
{"level":"debug","message":"cheking metadata => title: (Terreneitor) description: (EL COCHE MAS PODEROSO QUE HA EXISTIDO). Metadata loaded successfully.","timestamp":"2024-06-07T17:04:55.887Z"}
{"level":"debug","message":"cheking metadata => title: (Terreneitor) description: (EL COCHE MAS PODEROSO QUE HA EXISTIDO). Metadata loaded successfully.","timestamp":"2024-06-07T17:04:57.226Z"}
{"level":"debug","message":"cheking metadata => title: (Terreneitor) description: (EL COCHE MAS PODEROSO QUE HA EXISTIDO). Metadata loaded successfully.","timestamp":"2024-06-07T17:04:57.557Z"}
{"level":"info","message":"User with email 'test@test.test' has opened the dashboard.","timestamp":"2024-06-07T17:04:57.582Z"}
{"level":"debug","message":"cheking metadata => title: (Terreneitor) description: (EL COCHE MAS PODEROSO QUE HA EXISTIDO). Metadata loaded successfully.","timestamp":"2024-06-07T17:04:58.172Z"}
{"level":"debug","message":"cheking metadata => title: (Terreneitor) description: (EL COCHE MAS PODEROSO QUE HA EXISTIDO). Metadata loaded successfully.","timestamp":"2024-06-07T17:05:35.623Z"}
{"level":"debug","message":"cheking metadata => title: (Terreneitor) description: (EL COCHE MAS PODEROSO QUE HA EXISTIDO). Metadata loaded successfully.","timestamp":"2024-06-07T17:05:35.893Z"}
{"level":"info","message":"User with the email:'test@test.test' has opened the visitors page.","timestamp":"2024-06-07T17:05:35.922Z"}
{"level":"debug","message":"cheking metadata => title: (Terreneitor) description: (EL COCHE MAS PODEROSO QUE HA EXISTIDO). Metadata loaded successfully.","timestamp":"2024-06-07T17:05:36.557Z"}
{"level":"debug","message":"(3) visitors loaded.","timestamp":"2024-06-07T17:05:37.262Z"}
{"level":"debug","message":"cheking metadata => title: (Terreneitor) description: (EL COCHE MAS PODEROSO QUE HA EXISTIDO). Metadata loaded successfully.","timestamp":"2024-06-07T17:06:04.671Z"}
{"level":"debug","message":"cheking metadata => title: (Terreneitor) description: (EL COCHE MAS PODEROSO QUE HA EXISTIDO). Metadata loaded successfully.","timestamp":"2024-06-07T17:10:54.981Z"}
{"level":"debug","message":"cheking metadata => title: (Terreneitor) description: (EL COCHE MAS PODEROSO QUE HA EXISTIDO). Metadata loaded successfully.","timestamp":"2024-06-12T22:10:54.259Z"}
{"level":"debug","message":"cheking metadata => title: (Terreneitor) description: (EL COCHE MAS PODEROSO QUE HA EXISTIDO). Metadata loaded successfully.","timestamp":"2024-06-12T22:10:54.363Z"}
{"level":"debug","message":"cheking metadata => title: (Terreneitor) description: (EL COCHE MAS PODEROSO QUE HA EXISTIDO). Metadata loaded successfully.","timestamp":"2024-06-12T22:26:51.408Z"}
{"level":"debug","message":"cheking metadata => title: (Terreneitor) description: (EL COCHE MAS PODEROSO QUE HA EXISTIDO). Metadata loaded successfully.","timestamp":"2024-06-12T22:26:51.790Z"}
{"level":"debug","message":"cheking metadata => title: (Terreneitor) description: (EL COCHE MAS PODEROSO QUE HA EXISTIDO). Metadata loaded successfully.","timestamp":"2024-06-12T22:26:52.393Z"}
{"level":"debug","message":"cheking metadata => title: (Terreneitor) description: (EL COCHE MAS PODEROSO QUE HA EXISTIDO). Metadata loaded successfully.","timestamp":"2024-06-12T22:26:53.928Z"}
{"level":"debug","message":"cheking metadata => title: (Terreneitor) description: (EL COCHE MAS PODEROSO QUE HA EXISTIDO). Metadata loaded successfully.","timestamp":"2024-06-12T22:26:54.284Z"}
{"level":"info","message":"User with email 'test@test.test' has opened the dashboard.","timestamp":"2024-06-12T22:26:54.310Z"}
{"level":"debug","message":"cheking metadata => title: (Terreneitor) description: (EL COCHE MAS PODEROSO QUE HA EXISTIDO). Metadata loaded successfully.","timestamp":"2024-06-12T22:26:54.926Z"}
{"level":"debug","message":"cheking metadata => title: (Terreneitor) description: (EL COCHE MAS PODEROSO QUE HA EXISTIDO). Metadata loaded successfully.","timestamp":"2024-06-12T22:27:10.991Z"}
{"level":"debug","message":"cheking metadata => title: (Terreneitor) description: (EL COCHE MAS PODEROSO QUE HA EXISTIDO). Metadata loaded successfully.","timestamp":"2024-06-12T22:27:11.257Z"}
{"level":"info","message":"User with the email:'test@test.test' has opened the visitors page.","timestamp":"2024-06-12T22:27:11.283Z"}
{"level":"debug","message":"cheking metadata => title: (Terreneitor) description: (EL COCHE MAS PODEROSO QUE HA EXISTIDO). Metadata loaded successfully.","timestamp":"2024-06-12T22:27:11.949Z"}
{"level":"debug","message":"(3) visitors loaded.","timestamp":"2024-06-12T22:27:12.342Z"}
{"level":"debug","message":"cheking metadata => title: (Terreneitor) description: (EL COCHE MAS PODEROSO QUE HA EXISTIDO). Metadata loaded successfully.","timestamp":"2024-06-12T22:27:13.168Z"}
{"level":"debug","message":"cheking metadata => title: (Terreneitor) description: (EL COCHE MAS PODEROSO QUE HA EXISTIDO). Metadata loaded successfully.","timestamp":"2024-06-12T22:58:37.856Z"}
{"level":"debug","message":"cheking metadata => title: (Terreneitor) description: (EL COCHE MAS PODEROSO QUE HA EXISTIDO). Metadata loaded successfully.","timestamp":"2024-06-12T22:58:37.967Z"}
{"level":"debug","message":"cheking metadata => title: (Terreneitor) description: (EL COCHE MAS PODEROSO QUE HA EXISTIDO). Metadata loaded successfully.","timestamp":"2024-06-12T22:59:27.007Z"}
{"level":"debug","message":"cheking metadata => title: (Terreneitor) description: (EL COCHE MAS PODEROSO QUE HA EXISTIDO). Metadata loaded successfully.","timestamp":"2024-06-12T22:59:27.406Z"}
{"level":"debug","message":"cheking metadata => title: (Terreneitor) description: (EL COCHE MAS PODEROSO QUE HA EXISTIDO). Metadata loaded successfully.","timestamp":"2024-06-12T22:59:28.096Z"}
{"level":"debug","message":"cheking metadata => title: (Terreneitor) description: (EL COCHE MAS PODEROSO QUE HA EXISTIDO). Metadata loaded successfully.","timestamp":"2024-06-12T22:59:29.739Z"}
{"level":"debug","message":"cheking metadata => title: (Terreneitor) description: (EL COCHE MAS PODEROSO QUE HA EXISTIDO). Metadata loaded successfully.","timestamp":"2024-06-12T22:59:30.139Z"}
{"level":"info","message":"User with email 'test@test.test' has opened the dashboard.","timestamp":"2024-06-12T22:59:30.164Z"}
{"level":"debug","message":"cheking metadata => title: (Terreneitor) description: (EL COCHE MAS PODEROSO QUE HA EXISTIDO). Metadata loaded successfully.","timestamp":"2024-06-12T22:59:30.883Z"}
{"level":"debug","message":"cheking metadata => title: (Terreneitor) description: (EL COCHE MAS PODEROSO QUE HA EXISTIDO). Metadata loaded successfully.","timestamp":"2024-06-12T23:00:18.483Z"}
{"level":"debug","message":"cheking metadata => title: (Terreneitor) description: (EL COCHE MAS PODEROSO QUE HA EXISTIDO). Metadata loaded successfully.","timestamp":"2024-06-12T23:00:18.768Z"}
{"level":"info","message":"User with email 'test@test.test' has opened the dashboard.","timestamp":"2024-06-12T23:00:18.791Z"}
{"level":"debug","message":"cheking metadata => title: (Terreneitor) description: (EL COCHE MAS PODEROSO QUE HA EXISTIDO). Metadata loaded successfully.","timestamp":"2024-06-12T23:00:19.514Z"}
{"level":"info","message":"User with email 'test@test.test' has opened the dashboard.","timestamp":"2024-06-12T23:00:22.419Z"}
{"level":"debug","message":"cheking metadata => title: (Terreneitor) description: (EL COCHE MAS PODEROSO QUE HA EXISTIDO). Metadata loaded successfully.","timestamp":"2024-06-12T23:00:23.016Z"}
{"level":"debug","message":"cheking metadata => title: (Terreneitor) description: (EL COCHE MAS PODEROSO QUE HA EXISTIDO). Metadata loaded successfully.","timestamp":"2024-06-12T23:00:30.786Z"}
{"level":"debug","message":"cheking metadata => title: (Terreneitor) description: (EL COCHE MAS PODEROSO QUE HA EXISTIDO). Metadata loaded successfully.","timestamp":"2024-06-12T23:00:31.078Z"}
{"level":"info","message":"User with the email:'test@test.test' has opened the visitors page.","timestamp":"2024-06-12T23:00:31.110Z"}
{"level":"debug","message":"(3) visitors loaded.","timestamp":"2024-06-12T23:00:31.657Z"}
{"level":"debug","message":"cheking metadata => title: (Terreneitor) description: (EL COCHE MAS PODEROSO QUE HA EXISTIDO). Metadata loaded successfully.","timestamp":"2024-06-12T23:00:31.906Z"}
{"level":"info","message":"User with email 'test@test.test' has opened the dashboard.","timestamp":"2024-06-12T23:00:32.131Z"}
{"level":"debug","message":"cheking metadata => title: (Terreneitor) description: (EL COCHE MAS PODEROSO QUE HA EXISTIDO). Metadata loaded successfully.","timestamp":"2024-06-12T23:00:32.813Z"}
{"level":"debug","message":"cheking metadata => title: (Terreneitor) description: (EL COCHE MAS PODEROSO QUE HA EXISTIDO). Metadata loaded successfully.","timestamp":"2024-06-12T23:00:35.697Z"}
{"level":"debug","message":"cheking metadata => title: (Terreneitor) description: (EL COCHE MAS PODEROSO QUE HA EXISTIDO). Metadata loaded successfully.","timestamp":"2024-06-12T23:00:37.786Z"}
{"level":"debug","message":"cheking metadata => title: (Terreneitor) description: (EL COCHE MAS PODEROSO QUE HA EXISTIDO). Metadata loaded successfully.","timestamp":"2024-06-12T23:01:46.262Z"}
{"level":"info","message":"User with email 'test@test.test' has opened the dashboard.","timestamp":"2024-06-12T23:01:46.450Z"}
{"level":"debug","message":"cheking metadata => title: (Terreneitor) description: (EL COCHE MAS PODEROSO QUE HA EXISTIDO). Metadata loaded successfully.","timestamp":"2024-06-12T23:01:46.969Z"}
{"level":"debug","message":"cheking metadata => title: (Terreneitor) description: (EL COCHE MAS PODEROSO QUE HA EXISTIDO). Metadata loaded successfully.","timestamp":"2024-06-12T23:01:47.958Z"}
{"level":"info","message":"User with the email:'test@test.test' has opened the visitors page.","timestamp":"2024-06-12T23:01:48.000Z"}
{"level":"debug","message":"(3) visitors loaded.","timestamp":"2024-06-12T23:01:48.437Z"}
{"level":"debug","message":"cheking metadata => title: (Terreneitor) description: (EL COCHE MAS PODEROSO QUE HA EXISTIDO). Metadata loaded successfully.","timestamp":"2024-06-12T23:01:48.560Z"}
{"level":"info","message":"User with email 'test@test.test' has opened the dashboard.","timestamp":"2024-06-12T23:01:49.887Z"}
{"level":"debug","message":"cheking metadata => title: (Terreneitor) description: (EL COCHE MAS PODEROSO QUE HA EXISTIDO). Metadata loaded successfully.","timestamp":"2024-06-12T23:01:50.618Z"}
{"level":"debug","message":"cheking metadata => title: (Terreneitor) description: (EL COCHE MAS PODEROSO QUE HA EXISTIDO). Metadata loaded successfully.","timestamp":"2024-06-12T23:01:57.784Z"}
{"level":"info","message":"User with email 'test@test.test' has opened the dashboard.","timestamp":"2024-06-12T23:01:57.847Z"}
{"level":"debug","message":"cheking metadata => title: (Terreneitor) description: (EL COCHE MAS PODEROSO QUE HA EXISTIDO). Metadata loaded successfully.","timestamp":"2024-06-12T23:01:58.489Z"}
{"level":"info","message":"User with the email:'test@test.test' has opened the visitors page.","timestamp":"2024-06-12T23:02:03.301Z"}
{"level":"debug","message":"(3) visitors loaded.","timestamp":"2024-06-12T23:02:03.728Z"}
{"level":"debug","message":"cheking metadata => title: (Terreneitor) description: (EL COCHE MAS PODEROSO QUE HA EXISTIDO). Metadata loaded successfully.","timestamp":"2024-06-12T23:02:04.054Z"}
{"level":"info","message":"User with email 'test@test.test' has opened the dashboard.","timestamp":"2024-06-12T23:02:05.650Z"}
{"level":"debug","message":"cheking metadata => title: (Terreneitor) description: (EL COCHE MAS PODEROSO QUE HA EXISTIDO). Metadata loaded successfully.","timestamp":"2024-06-12T23:02:06.415Z"}
{"level":"debug","message":"cheking metadata => title: (Terreneitor) description: (EL COCHE MAS PODEROSO QUE HA EXISTIDO). Metadata loaded successfully.","timestamp":"2024-06-12T23:02:09.035Z"}
{"level":"debug","message":"cheking metadata => title: (Terreneitor) description: (EL COCHE MAS PODEROSO QUE HA EXISTIDO). Metadata loaded successfully.","timestamp":"2024-06-12T23:02:09.523Z"}
{"level":"debug","message":"cheking metadata => title: (Terreneitor) description: (EL COCHE MAS PODEROSO QUE HA EXISTIDO). Metadata loaded successfully.","timestamp":"2024-06-12T23:02:10.545Z"}
{"level":"info","message":"User with the email:'test@test.test' has opened the visitors page.","timestamp":"2024-06-12T23:02:10.562Z"}
{"level":"debug","message":"(3) visitors loaded.","timestamp":"2024-06-12T23:02:10.986Z"}
{"level":"debug","message":"cheking metadata => title: (Terreneitor) description: (EL COCHE MAS PODEROSO QUE HA EXISTIDO). Metadata loaded successfully.","timestamp":"2024-06-12T23:02:11.306Z"}
{"level":"debug","message":"cheking metadata => title: (Terreneitor) description: (EL COCHE MAS PODEROSO QUE HA EXISTIDO). Metadata loaded successfully.","timestamp":"2024-06-12T23:09:58.596Z"}
{"level":"info","message":"User with email 'test@test.test' has opened the dashboard.","timestamp":"2024-06-12T23:09:59.130Z"}
{"level":"debug","message":"cheking metadata => title: (Terreneitor) description: (EL COCHE MAS PODEROSO QUE HA EXISTIDO). Metadata loaded successfully.","timestamp":"2024-06-12T23:09:59.809Z"}
{"level":"debug","message":"cheking metadata => title: (Terreneitor) description: (EL COCHE MAS PODEROSO QUE HA EXISTIDO). Metadata loaded successfully.","timestamp":"2024-06-13T14:14:52.694Z"}
{"level":"debug","message":"cheking metadata => title: (Terreneitor) description: (EL COCHE MAS PODEROSO QUE HA EXISTIDO). Metadata loaded successfully.","timestamp":"2024-06-13T14:14:52.804Z"}
{"level":"debug","message":"cheking metadata => title: (Terreneitor) description: (EL COCHE MAS PODEROSO QUE HA EXISTIDO). Metadata loaded successfully.","timestamp":"2024-06-13T14:15:12.520Z"}
{"level":"debug","message":"cheking metadata => title: (Terreneitor) description: (EL COCHE MAS PODEROSO QUE HA EXISTIDO). Metadata loaded successfully.","timestamp":"2024-06-13T14:15:12.897Z"}
{"level":"debug","message":"cheking metadata => title: (Terreneitor) description: (EL COCHE MAS PODEROSO QUE HA EXISTIDO). Metadata loaded successfully.","timestamp":"2024-06-13T14:15:13.558Z"}
{"level":"debug","message":"cheking metadata => title: (Terreneitor) description: (EL COCHE MAS PODEROSO QUE HA EXISTIDO). Metadata loaded successfully.","timestamp":"2024-06-13T14:15:15.040Z"}
{"level":"debug","message":"cheking metadata => title: (Terreneitor) description: (EL COCHE MAS PODEROSO QUE HA EXISTIDO). Metadata loaded successfully.","timestamp":"2024-06-13T14:15:15.409Z"}
{"level":"info","message":"User with email 'test@test.test' has opened the dashboard.","timestamp":"2024-06-13T14:15:15.438Z"}
{"level":"debug","message":"cheking metadata => title: (Terreneitor) description: (EL COCHE MAS PODEROSO QUE HA EXISTIDO). Metadata loaded successfully.","timestamp":"2024-06-13T14:15:16.102Z"}
{"level":"debug","message":"cheking metadata => title: (Terreneitor) description: (EL COCHE MAS PODEROSO QUE HA EXISTIDO). Metadata loaded successfully.","timestamp":"2024-06-13T14:19:02.568Z"}
{"level":"debug","message":"cheking metadata => title: (Terreneitor) description: (EL COCHE MAS PODEROSO QUE HA EXISTIDO). Metadata loaded successfully.","timestamp":"2024-06-13T14:21:50.951Z"}
{"level":"debug","message":"cheking metadata => title: (Terreneitor) description: (EL COCHE MAS PODEROSO QUE HA EXISTIDO). Metadata loaded successfully.","timestamp":"2024-06-13T14:21:52.060Z"}
{"level":"info","message":"User with email 'test@test.test' has opened the dashboard.","timestamp":"2024-06-13T14:21:52.497Z"}
{"level":"info","message":"User with email 'test@test.test' has opened the dashboard.","timestamp":"2024-06-13T14:21:52.499Z"}
{"level":"info","message":"User with email 'test@test.test' has opened the dashboard.","timestamp":"2024-06-13T14:21:52.501Z"}
{"level":"info","message":"User with email 'test@test.test' has opened the dashboard.","timestamp":"2024-06-13T14:21:52.546Z"}
{"level":"debug","message":"cheking metadata => title: (Terreneitor) description: (EL COCHE MAS PODEROSO QUE HA EXISTIDO). Metadata loaded successfully.","timestamp":"2024-06-13T14:23:57.924Z"}
{"level":"debug","message":"cheking metadata => title: (Terreneitor) description: (EL COCHE MAS PODEROSO QUE HA EXISTIDO). Metadata loaded successfully.","timestamp":"2024-06-13T14:23:59.413Z"}
{"level":"debug","message":"cheking metadata => title: (Terreneitor) description: (EL COCHE MAS PODEROSO QUE HA EXISTIDO). Metadata loaded successfully.","timestamp":"2024-06-13T14:24:07.212Z"}
{"level":"info","message":"User with email 'test@test.test' has opened the dashboard.","timestamp":"2024-06-13T14:24:07.581Z"}
{"level":"info","message":"User with email 'test@test.test' has opened the dashboard.","timestamp":"2024-06-13T14:24:07.861Z"}
{"level":"debug","message":"cheking metadata => title: (Terreneitor) description: (EL COCHE MAS PODEROSO QUE HA EXISTIDO). Metadata loaded successfully.","timestamp":"2024-06-13T14:24:08.125Z"}
{"level":"info","message":"User with email 'test@test.test' has opened the dashboard.","timestamp":"2024-06-13T14:24:08.732Z"}
{"level":"debug","message":"cheking metadata => title: (Terreneitor) description: (EL COCHE MAS PODEROSO QUE HA EXISTIDO). Metadata loaded successfully.","timestamp":"2024-06-13T14:24:09.736Z"}
{"level":"debug","message":"cheking metadata => title: (Terreneitor) description: (EL COCHE MAS PODEROSO QUE HA EXISTIDO). Metadata loaded successfully.","timestamp":"2024-06-13T14:25:31.607Z"}
{"level":"debug","message":"cheking metadata => title: (Terreneitor) description: (EL COCHE MAS PODEROSO QUE HA EXISTIDO). Metadata loaded successfully.","timestamp":"2024-06-13T14:25:32.446Z"}
{"level":"debug","message":"cheking metadata => title: (Terreneitor) description: (EL COCHE MAS PODEROSO QUE HA EXISTIDO). Metadata loaded successfully.","timestamp":"2024-06-13T14:26:09.935Z"}
{"level":"debug","message":"cheking metadata => title: (Terreneitor) description: (EL COCHE MAS PODEROSO QUE HA EXISTIDO). Metadata loaded successfully.","timestamp":"2024-06-13T14:26:10.787Z"}
{"level":"debug","message":"cheking metadata => title: (Terreneitor) description: (EL COCHE MAS PODEROSO QUE HA EXISTIDO). Metadata loaded successfully.","timestamp":"2024-06-13T14:26:31.205Z"}
{"level":"info","message":"User with email 'test@test.test' has opened the dashboard.","timestamp":"2024-06-13T14:26:31.444Z"}
{"level":"debug","message":"cheking metadata => title: (Terreneitor) description: (EL COCHE MAS PODEROSO QUE HA EXISTIDO). Metadata loaded successfully.","timestamp":"2024-06-13T14:26:32.087Z"}
{"level":"debug","message":"cheking metadata => title: (Terreneitor) description: (EL COCHE MAS PODEROSO QUE HA EXISTIDO). Metadata loaded successfully.","timestamp":"2024-06-13T14:26:39.215Z"}
{"level":"debug","message":"cheking metadata => title: (Terreneitor) description: (EL COCHE MAS PODEROSO QUE HA EXISTIDO). Metadata loaded successfully.","timestamp":"2024-06-13T14:26:40.088Z"}
{"level":"debug","message":"cheking metadata => title: (Terreneitor) description: (EL COCHE MAS PODEROSO QUE HA EXISTIDO). Metadata loaded successfully.","timestamp":"2024-06-13T14:26:46.625Z"}
{"level":"debug","message":"cheking metadata => title: (Terreneitor) description: (EL COCHE MAS PODEROSO QUE HA EXISTIDO). Metadata loaded successfully.","timestamp":"2024-06-13T14:26:47.526Z"}
{"level":"debug","message":"cheking metadata => title: (Terreneitor) description: (EL COCHE MAS PODEROSO QUE HA EXISTIDO). Metadata loaded successfully.","timestamp":"2024-06-13T14:26:49.624Z"}
{"level":"info","message":"User with email 'test@test.test' has opened the dashboard.","timestamp":"2024-06-13T14:26:49.738Z"}
{"level":"info","message":"User with email 'test@test.test' has opened the dashboard.","timestamp":"2024-06-13T14:26:49.742Z"}
{"level":"debug","message":"cheking metadata => title: (Terreneitor) description: (EL COCHE MAS PODEROSO QUE HA EXISTIDO). Metadata loaded successfully.","timestamp":"2024-06-13T14:26:50.470Z"}
{"level":"debug","message":"cheking metadata => title: (Terreneitor) description: (EL COCHE MAS PODEROSO QUE HA EXISTIDO). Metadata loaded successfully.","timestamp":"2024-06-13T14:28:53.741Z"}
{"level":"info","message":"User with email 'test@test.test' has opened the dashboard.","timestamp":"2024-06-13T14:28:54.182Z"}
{"level":"info","message":"User with email 'test@test.test' has opened the dashboard.","timestamp":"2024-06-13T14:28:54.201Z"}
{"level":"debug","message":"cheking metadata => title: (Terreneitor) description: (EL COCHE MAS PODEROSO QUE HA EXISTIDO). Metadata loaded successfully.","timestamp":"2024-06-13T14:28:54.518Z"}
{"level":"debug","message":"cheking metadata => title: (Terreneitor) description: (EL COCHE MAS PODEROSO QUE HA EXISTIDO). Metadata loaded successfully.","timestamp":"2024-06-13T14:29:32.031Z"}
{"level":"info","message":"User with email 'test@test.test' has opened the dashboard.","timestamp":"2024-06-13T14:29:32.375Z"}
{"level":"debug","message":"cheking metadata => title: (Terreneitor) description: (EL COCHE MAS PODEROSO QUE HA EXISTIDO). Metadata loaded successfully.","timestamp":"2024-06-13T14:29:32.825Z"}
{"level":"debug","message":"cheking metadata => title: (Terreneitor) description: (EL COCHE MAS PODEROSO QUE HA EXISTIDO). Metadata loaded successfully.","timestamp":"2024-06-13T14:30:05.483Z"}
{"level":"info","message":"User with email 'test@test.test' has opened the dashboard.","timestamp":"2024-06-13T14:30:05.704Z"}
{"level":"info","message":"User with email 'test@test.test' has opened the dashboard.","timestamp":"2024-06-13T14:30:05.925Z"}
{"level":"debug","message":"cheking metadata => title: (Terreneitor) description: (EL COCHE MAS PODEROSO QUE HA EXISTIDO). Metadata loaded successfully.","timestamp":"2024-06-13T14:30:06.246Z"}
{"level":"debug","message":"cheking metadata => title: (Terreneitor) description: (EL COCHE MAS PODEROSO QUE HA EXISTIDO). Metadata loaded successfully.","timestamp":"2024-06-13T14:31:18.714Z"}
{"level":"info","message":"User with email 'test@test.test' has opened the dashboard.","timestamp":"2024-06-13T14:31:18.943Z"}
{"level":"debug","message":"cheking metadata => title: (Terreneitor) description: (EL COCHE MAS PODEROSO QUE HA EXISTIDO). Metadata loaded successfully.","timestamp":"2024-06-13T14:31:19.508Z"}
{"level":"debug","message":"cheking metadata => title: (Terreneitor) description: (EL COCHE MAS PODEROSO QUE HA EXISTIDO). Metadata loaded successfully.","timestamp":"2024-06-13T14:31:56.874Z"}
{"level":"info","message":"User with email 'test@test.test' has opened the dashboard.","timestamp":"2024-06-13T14:31:57.127Z"}
{"level":"info","message":"User with email 'test@test.test' has opened the dashboard.","timestamp":"2024-06-13T14:31:57.129Z"}
{"level":"debug","message":"cheking metadata => title: (Terreneitor) description: (EL COCHE MAS PODEROSO QUE HA EXISTIDO). Metadata loaded successfully.","timestamp":"2024-06-13T14:31:57.653Z"}
{"level":"debug","message":"cheking metadata => title: (Terreneitor) description: (EL COCHE MAS PODEROSO QUE HA EXISTIDO). Metadata loaded successfully.","timestamp":"2024-06-13T14:32:01.835Z"}
{"level":"info","message":"User with email 'test@test.test' has opened the dashboard.","timestamp":"2024-06-13T14:32:02.045Z"}
{"level":"info","message":"User with email 'test@test.test' has opened the dashboard.","timestamp":"2024-06-13T14:32:02.290Z"}
{"level":"debug","message":"cheking metadata => title: (Terreneitor) description: (EL COCHE MAS PODEROSO QUE HA EXISTIDO). Metadata loaded successfully.","timestamp":"2024-06-13T14:32:02.629Z"}
{"level":"debug","message":"cheking metadata => title: (Terreneitor) description: (EL COCHE MAS PODEROSO QUE HA EXISTIDO). Metadata loaded successfully.","timestamp":"2024-06-13T14:32:41.514Z"}
{"level":"info","message":"User with email 'test@test.test' has opened the dashboard.","timestamp":"2024-06-13T14:32:41.687Z"}
{"level":"debug","message":"cheking metadata => title: (Terreneitor) description: (EL COCHE MAS PODEROSO QUE HA EXISTIDO). Metadata loaded successfully.","timestamp":"2024-06-13T14:32:42.385Z"}
{"level":"debug","message":"cheking metadata => title: (Terreneitor) description: (EL COCHE MAS PODEROSO QUE HA EXISTIDO). Metadata loaded successfully.","timestamp":"2024-06-13T14:33:22.495Z"}
{"level":"debug","message":"cheking metadata => title: (Terreneitor) description: (EL COCHE MAS PODEROSO QUE HA EXISTIDO). Metadata loaded successfully.","timestamp":"2024-06-13T14:33:23.391Z"}
{"level":"debug","message":"cheking metadata => title: (Terreneitor) description: (EL COCHE MAS PODEROSO QUE HA EXISTIDO). Metadata loaded successfully.","timestamp":"2024-06-13T14:34:05.915Z"}
{"level":"debug","message":"cheking metadata => title: (Terreneitor) description: (EL COCHE MAS PODEROSO QUE HA EXISTIDO). Metadata loaded successfully.","timestamp":"2024-06-13T14:34:11.562Z"}
{"level":"debug","message":"cheking metadata => title: (Terreneitor) description: (EL COCHE MAS PODEROSO QUE HA EXISTIDO). Metadata loaded successfully.","timestamp":"2024-06-13T14:34:31.922Z"}
{"level":"debug","message":"cheking metadata => title: (Terreneitor) description: (EL COCHE MAS PODEROSO QUE HA EXISTIDO). Metadata loaded successfully.","timestamp":"2024-06-13T14:34:34.601Z"}
{"level":"debug","message":"cheking metadata => title: (Terreneitor) description: (EL COCHE MAS PODEROSO QUE HA EXISTIDO). Metadata loaded successfully.","timestamp":"2024-06-13T14:34:36.535Z"}
{"level":"debug","message":"cheking metadata => title: (Terreneitor) description: (EL COCHE MAS PODEROSO QUE HA EXISTIDO). Metadata loaded successfully.","timestamp":"2024-06-13T14:35:50.522Z"}
{"level":"debug","message":"cheking metadata => title: (Terreneitor) description: (EL COCHE MAS PODEROSO QUE HA EXISTIDO). Metadata loaded successfully.","timestamp":"2024-06-13T14:38:08.403Z"}
{"level":"debug","message":"cheking metadata => title: (Terreneitor) description: (EL COCHE MAS PODEROSO QUE HA EXISTIDO). Metadata loaded successfully.","timestamp":"2024-06-13T14:38:08.663Z"}
{"level":"info","message":"User with email 'test@test.test' has opened the dashboard.","timestamp":"2024-06-13T14:38:09.076Z"}
{"level":"debug","message":"cheking metadata => title: (Terreneitor) description: (EL COCHE MAS PODEROSO QUE HA EXISTIDO). Metadata loaded successfully.","timestamp":"2024-06-13T14:41:30.711Z"}
{"level":"info","message":"User with email 'test@test.test' has opened the dashboard.","timestamp":"2024-06-13T14:41:31.115Z"}
{"level":"info","message":"User with email 'test@test.test' has opened the dashboard.","timestamp":"2024-06-13T14:41:31.133Z"}
{"level":"debug","message":"cheking metadata => title: (Terreneitor) description: (EL COCHE MAS PODEROSO QUE HA EXISTIDO). Metadata loaded successfully.","timestamp":"2024-06-13T14:41:31.565Z"}
{"level":"debug","message":"cheking metadata => title: (Terreneitor) description: (EL COCHE MAS PODEROSO QUE HA EXISTIDO). Metadata loaded successfully.","timestamp":"2024-06-13T14:41:55.136Z"}
{"level":"debug","message":"cheking metadata => title: (Terreneitor) description: (EL COCHE MAS PODEROSO QUE HA EXISTIDO). Metadata loaded successfully.","timestamp":"2024-06-13T14:41:56.060Z"}
{"level":"debug","message":"cheking metadata => title: (Terreneitor) description: (EL COCHE MAS PODEROSO QUE HA EXISTIDO). Metadata loaded successfully.","timestamp":"2024-06-13T14:42:42.098Z"}
{"level":"debug","message":"cheking metadata => title: (Terreneitor) description: (EL COCHE MAS PODEROSO QUE HA EXISTIDO). Metadata loaded successfully.","timestamp":"2024-06-13T14:42:42.305Z"}
{"level":"info","message":"User with email 'test@test.test' has opened the dashboard.","timestamp":"2024-06-13T14:42:42.594Z"}
{"level":"info","message":"User with email 'test@test.test' has opened the dashboard.","timestamp":"2024-06-13T14:42:42.597Z"}
{"level":"info","message":"User with email 'test@test.test' has opened the dashboard.","timestamp":"2024-06-13T14:42:42.604Z"}
{"level":"debug","message":"cheking metadata => title: (Terreneitor) description: (EL COCHE MAS PODEROSO QUE HA EXISTIDO). Metadata loaded successfully.","timestamp":"2024-06-13T14:42:58.637Z"}
{"level":"info","message":"User with email 'test@test.test' has opened the dashboard.","timestamp":"2024-06-13T14:42:58.854Z"}
{"level":"debug","message":"cheking metadata => title: (Terreneitor) description: (EL COCHE MAS PODEROSO QUE HA EXISTIDO). Metadata loaded successfully.","timestamp":"2024-06-13T14:42:59.620Z"}
{"level":"info","message":"User with email 'test@test.test' has opened the dashboard.","timestamp":"2024-06-13T14:43:09.870Z"}
{"level":"debug","message":"cheking metadata => title: (Terreneitor) description: (EL COCHE MAS PODEROSO QUE HA EXISTIDO). Metadata loaded successfully.","timestamp":"2024-06-13T14:43:10.825Z"}
{"level":"debug","message":"cheking metadata => title: (Terreneitor) description: (EL COCHE MAS PODEROSO QUE HA EXISTIDO). Metadata loaded successfully.","timestamp":"2024-06-13T14:43:52.802Z"}
{"level":"info","message":"User with email 'test@test.test' has opened the dashboard.","timestamp":"2024-06-13T14:43:52.933Z"}
{"level":"info","message":"User with email 'test@test.test' has opened the dashboard.","timestamp":"2024-06-13T14:43:52.938Z"}
{"level":"debug","message":"cheking metadata => title: (Terreneitor) description: (EL COCHE MAS PODEROSO QUE HA EXISTIDO). Metadata loaded successfully.","timestamp":"2024-06-13T14:43:53.728Z"}
{"level":"debug","message":"cheking metadata => title: (Terreneitor) description: (EL COCHE MAS PODEROSO QUE HA EXISTIDO). Metadata loaded successfully.","timestamp":"2024-06-13T14:43:59.614Z"}
{"level":"info","message":"User with email 'test@test.test' has opened the dashboard.","timestamp":"2024-06-13T14:43:59.749Z"}
{"level":"info","message":"User with email 'test@test.test' has opened the dashboard.","timestamp":"2024-06-13T14:43:59.755Z"}
{"level":"debug","message":"cheking metadata => title: (Terreneitor) description: (EL COCHE MAS PODEROSO QUE HA EXISTIDO). Metadata loaded successfully.","timestamp":"2024-06-13T14:44:00.462Z"}
{"level":"debug","message":"cheking metadata => title: (Terreneitor) description: (EL COCHE MAS PODEROSO QUE HA EXISTIDO). Metadata loaded successfully.","timestamp":"2024-06-13T14:46:13.192Z"}
{"level":"info","message":"User with email 'test@test.test' has opened the dashboard.","timestamp":"2024-06-13T14:46:13.622Z"}
{"level":"info","message":"User with email 'test@test.test' has opened the dashboard.","timestamp":"2024-06-13T14:46:13.633Z"}
{"level":"debug","message":"cheking metadata => title: (Terreneitor) description: (EL COCHE MAS PODEROSO QUE HA EXISTIDO). Metadata loaded successfully.","timestamp":"2024-06-13T14:46:13.986Z"}
{"level":"debug","message":"cheking metadata => title: (Terreneitor) description: (EL COCHE MAS PODEROSO QUE HA EXISTIDO). Metadata loaded successfully.","timestamp":"2024-06-13T14:46:30.502Z"}
{"level":"info","message":"User with email 'test@test.test' has opened the dashboard.","timestamp":"2024-06-13T14:46:30.836Z"}
{"level":"debug","message":"cheking metadata => title: (Terreneitor) description: (EL COCHE MAS PODEROSO QUE HA EXISTIDO). Metadata loaded successfully.","timestamp":"2024-06-13T14:46:31.288Z"}
{"level":"debug","message":"cheking metadata => title: (Terreneitor) description: (EL COCHE MAS PODEROSO QUE HA EXISTIDO). Metadata loaded successfully.","timestamp":"2024-06-13T14:47:06.953Z"}
{"level":"info","message":"User with email 'test@test.test' has opened the dashboard.","timestamp":"2024-06-13T14:47:07.334Z"}
{"level":"debug","message":"cheking metadata => title: (Terreneitor) description: (EL COCHE MAS PODEROSO QUE HA EXISTIDO). Metadata loaded successfully.","timestamp":"2024-06-13T14:47:08.159Z"}
{"level":"debug","message":"cheking metadata => title: (Terreneitor) description: (EL COCHE MAS PODEROSO QUE HA EXISTIDO). Metadata loaded successfully.","timestamp":"2024-06-13T14:47:45.534Z"}
{"level":"info","message":"User with email 'test@test.test' has opened the dashboard.","timestamp":"2024-06-13T14:47:45.764Z"}
{"level":"info","message":"User with email 'test@test.test' has opened the dashboard.","timestamp":"2024-06-13T14:47:45.767Z"}
{"level":"debug","message":"cheking metadata => title: (Terreneitor) description: (EL COCHE MAS PODEROSO QUE HA EXISTIDO). Metadata loaded successfully.","timestamp":"2024-06-13T14:47:46.461Z"}
{"level":"debug","message":"cheking metadata => title: (Terreneitor) description: (EL COCHE MAS PODEROSO QUE HA EXISTIDO). Metadata loaded successfully.","timestamp":"2024-06-13T14:47:55.403Z"}
{"level":"info","message":"User with email 'test@test.test' has opened the dashboard.","timestamp":"2024-06-13T14:47:55.522Z"}
{"level":"info","message":"User with email 'test@test.test' has opened the dashboard.","timestamp":"2024-06-13T14:47:55.533Z"}
{"level":"debug","message":"cheking metadata => title: (Terreneitor) description: (EL COCHE MAS PODEROSO QUE HA EXISTIDO). Metadata loaded successfully.","timestamp":"2024-06-13T14:47:56.226Z"}
{"level":"debug","message":"cheking metadata => title: (Terreneitor) description: (EL COCHE MAS PODEROSO QUE HA EXISTIDO). Metadata loaded successfully.","timestamp":"2024-06-13T14:48:08.108Z"}
{"level":"info","message":"User with email 'test@test.test' has opened the dashboard.","timestamp":"2024-06-13T14:48:08.216Z"}
{"level":"info","message":"User with email 'test@test.test' has opened the dashboard.","timestamp":"2024-06-13T14:48:08.221Z"}
{"level":"debug","message":"cheking metadata => title: (Terreneitor) description: (EL COCHE MAS PODEROSO QUE HA EXISTIDO). Metadata loaded successfully.","timestamp":"2024-06-13T14:48:08.959Z"}
{"level":"debug","message":"cheking metadata => title: (Terreneitor) description: (EL COCHE MAS PODEROSO QUE HA EXISTIDO). Metadata loaded successfully.","timestamp":"2024-06-13T14:48:35.698Z"}
{"level":"info","message":"User with email 'test@test.test' has opened the dashboard.","timestamp":"2024-06-13T14:48:36.075Z"}
{"level":"debug","message":"cheking metadata => title: (Terreneitor) description: (EL COCHE MAS PODEROSO QUE HA EXISTIDO). Metadata loaded successfully.","timestamp":"2024-06-13T14:48:36.972Z"}
{"level":"debug","message":"cheking metadata => title: (Terreneitor) description: (EL COCHE MAS PODEROSO QUE HA EXISTIDO). Metadata loaded successfully.","timestamp":"2024-06-13T14:48:47.975Z"}
{"level":"info","message":"User with email 'test@test.test' has opened the dashboard.","timestamp":"2024-06-13T14:48:48.090Z"}
{"level":"info","message":"User with email 'test@test.test' has opened the dashboard.","timestamp":"2024-06-13T14:48:48.101Z"}
{"level":"debug","message":"cheking metadata => title: (Terreneitor) description: (EL COCHE MAS PODEROSO QUE HA EXISTIDO). Metadata loaded successfully.","timestamp":"2024-06-13T14:48:48.823Z"}
{"level":"debug","message":"cheking metadata => title: (Terreneitor) description: (EL COCHE MAS PODEROSO QUE HA EXISTIDO). Metadata loaded successfully.","timestamp":"2024-06-13T14:49:55.318Z"}
{"level":"info","message":"User with email 'test@test.test' has opened the dashboard.","timestamp":"2024-06-13T14:49:55.478Z"}
{"level":"info","message":"User with email 'test@test.test' has opened the dashboard.","timestamp":"2024-06-13T14:49:55.830Z"}
{"level":"debug","message":"cheking metadata => title: (Terreneitor) description: (EL COCHE MAS PODEROSO QUE HA EXISTIDO). Metadata loaded successfully.","timestamp":"2024-06-13T14:49:56.144Z"}
{"level":"debug","message":"cheking metadata => title: (Terreneitor) description: (EL COCHE MAS PODEROSO QUE HA EXISTIDO). Metadata loaded successfully.","timestamp":"2024-06-13T14:50:46.814Z"}
{"level":"info","message":"User with email 'test@test.test' has opened the dashboard.","timestamp":"2024-06-13T14:50:47.128Z"}
{"level":"debug","message":"cheking metadata => title: (Terreneitor) description: (EL COCHE MAS PODEROSO QUE HA EXISTIDO). Metadata loaded successfully.","timestamp":"2024-06-13T14:50:47.927Z"}
{"level":"debug","message":"cheking metadata => title: (Terreneitor) description: (EL COCHE MAS PODEROSO QUE HA EXISTIDO). Metadata loaded successfully.","timestamp":"2024-06-13T14:51:09.763Z"}
{"level":"info","message":"User with email 'test@test.test' has opened the dashboard.","timestamp":"2024-06-13T14:51:09.861Z"}
{"level":"debug","message":"cheking metadata => title: (Terreneitor) description: (EL COCHE MAS PODEROSO QUE HA EXISTIDO). Metadata loaded successfully.","timestamp":"2024-06-13T14:51:10.604Z"}
{"level":"debug","message":"cheking metadata => title: (Terreneitor) description: (EL COCHE MAS PODEROSO QUE HA EXISTIDO). Metadata loaded successfully.","timestamp":"2024-06-13T14:52:07.569Z"}
{"level":"info","message":"User with email 'test@test.test' has opened the dashboard.","timestamp":"2024-06-13T14:52:07.793Z"}
{"level":"debug","message":"cheking metadata => title: (Terreneitor) description: (EL COCHE MAS PODEROSO QUE HA EXISTIDO). Metadata loaded successfully.","timestamp":"2024-06-13T14:52:08.396Z"}
{"level":"debug","message":"cheking metadata => title: (Terreneitor) description: (EL COCHE MAS PODEROSO QUE HA EXISTIDO). Metadata loaded successfully.","timestamp":"2024-06-13T14:52:45.444Z"}
{"level":"info","message":"User with email 'test@test.test' has opened the dashboard.","timestamp":"2024-06-13T14:52:45.619Z"}
{"level":"debug","message":"cheking metadata => title: (Terreneitor) description: (EL COCHE MAS PODEROSO QUE HA EXISTIDO). Metadata loaded successfully.","timestamp":"2024-06-13T14:52:46.173Z"}
{"level":"debug","message":"cheking metadata => title: (Terreneitor) description: (EL COCHE MAS PODEROSO QUE HA EXISTIDO). Metadata loaded successfully.","timestamp":"2024-06-13T14:52:56.733Z"}
{"level":"debug","message":"cheking metadata => title: (Terreneitor) description: (EL COCHE MAS PODEROSO QUE HA EXISTIDO). Metadata loaded successfully.","timestamp":"2024-06-13T14:52:57.524Z"}
{"level":"debug","message":"cheking metadata => title: (Terreneitor) description: (EL COCHE MAS PODEROSO QUE HA EXISTIDO). Metadata loaded successfully.","timestamp":"2024-06-13T14:53:08.038Z"}
{"level":"debug","message":"cheking metadata => title: (Terreneitor) description: (EL COCHE MAS PODEROSO QUE HA EXISTIDO). Metadata loaded successfully.","timestamp":"2024-06-13T14:53:08.228Z"}
{"level":"info","message":"User with email 'test@test.test' has opened the dashboard.","timestamp":"2024-06-13T14:53:08.481Z"}
{"level":"info","message":"User with email 'test@test.test' has opened the dashboard.","timestamp":"2024-06-13T14:53:08.493Z"}
{"level":"debug","message":"cheking metadata => title: (Terreneitor) description: (EL COCHE MAS PODEROSO QUE HA EXISTIDO). Metadata loaded successfully.","timestamp":"2024-06-13T14:53:22.567Z"}
{"level":"info","message":"User with email 'test@test.test' has opened the dashboard.","timestamp":"2024-06-13T14:53:22.729Z"}
{"level":"debug","message":"cheking metadata => title: (Terreneitor) description: (EL COCHE MAS PODEROSO QUE HA EXISTIDO). Metadata loaded successfully.","timestamp":"2024-06-13T14:53:23.359Z"}
{"level":"debug","message":"cheking metadata => title: (Terreneitor) description: (EL COCHE MAS PODEROSO QUE HA EXISTIDO). Metadata loaded successfully.","timestamp":"2024-06-13T14:54:07.880Z"}
{"level":"info","message":"User with email 'test@test.test' has opened the dashboard.","timestamp":"2024-06-13T14:54:08.140Z"}
{"level":"info","message":"User with email 'test@test.test' has opened the dashboard.","timestamp":"2024-06-13T14:54:08.152Z"}
{"level":"debug","message":"cheking metadata => title: (Terreneitor) description: (EL COCHE MAS PODEROSO QUE HA EXISTIDO). Metadata loaded successfully.","timestamp":"2024-06-13T14:54:08.735Z"}
{"level":"info","message":"User with email 'test@test.test' has opened the dashboard.","timestamp":"2024-06-13T14:54:13.687Z"}
{"level":"debug","message":"cheking metadata => title: (Terreneitor) description: (EL COCHE MAS PODEROSO QUE HA EXISTIDO). Metadata loaded successfully.","timestamp":"2024-06-13T14:54:14.541Z"}
{"level":"debug","message":"cheking metadata => title: (Terreneitor) description: (EL COCHE MAS PODEROSO QUE HA EXISTIDO). Metadata loaded successfully.","timestamp":"2024-06-13T14:55:43.648Z"}
{"level":"info","message":"User with email 'test@test.test' has opened the dashboard.","timestamp":"2024-06-13T14:55:44.048Z"}
{"level":"debug","message":"cheking metadata => title: (Terreneitor) description: (EL COCHE MAS PODEROSO QUE HA EXISTIDO). Metadata loaded successfully.","timestamp":"2024-06-13T14:55:44.803Z"}
{"level":"info","message":"User with email 'test@test.test' has opened the dashboard.","timestamp":"2024-06-13T14:55:52.931Z"}
{"level":"debug","message":"cheking metadata => title: (Terreneitor) description: (EL COCHE MAS PODEROSO QUE HA EXISTIDO). Metadata loaded successfully.","timestamp":"2024-06-13T14:55:53.802Z"}
{"level":"debug","message":"cheking metadata => title: (Terreneitor) description: (EL COCHE MAS PODEROSO QUE HA EXISTIDO). Metadata loaded successfully.","timestamp":"2024-06-13T14:56:21.959Z"}
{"level":"info","message":"User with email 'test@test.test' has opened the dashboard.","timestamp":"2024-06-13T14:56:22.260Z"}
{"level":"info","message":"User with email 'test@test.test' has opened the dashboard.","timestamp":"2024-06-13T14:56:22.265Z"}
{"level":"debug","message":"cheking metadata => title: (Terreneitor) description: (EL COCHE MAS PODEROSO QUE HA EXISTIDO). Metadata loaded successfully.","timestamp":"2024-06-13T14:56:22.774Z"}
{"level":"info","message":"User with email 'test@test.test' has opened the dashboard.","timestamp":"2024-06-13T14:56:28.497Z"}
{"level":"debug","message":"cheking metadata => title: (Terreneitor) description: (EL COCHE MAS PODEROSO QUE HA EXISTIDO). Metadata loaded successfully.","timestamp":"2024-06-13T14:56:29.360Z"}
{"level":"debug","message":"cheking metadata => title: (Terreneitor) description: (EL COCHE MAS PODEROSO QUE HA EXISTIDO). Metadata loaded successfully.","timestamp":"2024-06-13T14:57:25.298Z"}
{"level":"info","message":"User with email 'test@test.test' has opened the dashboard.","timestamp":"2024-06-13T14:57:25.532Z"}
{"level":"debug","message":"cheking metadata => title: (Terreneitor) description: (EL COCHE MAS PODEROSO QUE HA EXISTIDO). Metadata loaded successfully.","timestamp":"2024-06-13T14:57:26.043Z"}
{"level":"info","message":"User with email 'test@test.test' has opened the dashboard.","timestamp":"2024-06-13T14:57:26.348Z"}
{"level":"debug","message":"cheking metadata => title: (Terreneitor) description: (EL COCHE MAS PODEROSO QUE HA EXISTIDO). Metadata loaded successfully.","timestamp":"2024-06-13T14:57:27.101Z"}
{"level":"debug","message":"cheking metadata => title: (Terreneitor) description: (EL COCHE MAS PODEROSO QUE HA EXISTIDO). Metadata loaded successfully.","timestamp":"2024-06-13T14:57:46.936Z"}
{"level":"info","message":"User with email 'test@test.test' has opened the dashboard.","timestamp":"2024-06-13T14:57:47.195Z"}
{"level":"info","message":"User with email 'test@test.test' has opened the dashboard.","timestamp":"2024-06-13T14:57:47.209Z"}
{"level":"debug","message":"cheking metadata => title: (Terreneitor) description: (EL COCHE MAS PODEROSO QUE HA EXISTIDO). Metadata loaded successfully.","timestamp":"2024-06-13T14:57:47.728Z"}
{"level":"debug","message":"cheking metadata => title: (Terreneitor) description: (EL COCHE MAS PODEROSO QUE HA EXISTIDO). Metadata loaded successfully.","timestamp":"2024-06-13T14:58:02.256Z"}
{"level":"info","message":"User with email 'test@test.test' has opened the dashboard.","timestamp":"2024-06-13T14:58:02.396Z"}
{"level":"debug","message":"cheking metadata => title: (Terreneitor) description: (EL COCHE MAS PODEROSO QUE HA EXISTIDO). Metadata loaded successfully.","timestamp":"2024-06-13T14:58:03.132Z"}
{"level":"info","message":"User with email 'test@test.test' has opened the dashboard.","timestamp":"2024-06-13T14:58:16.167Z"}
{"level":"debug","message":"cheking metadata => title: (Terreneitor) description: (EL COCHE MAS PODEROSO QUE HA EXISTIDO). Metadata loaded successfully.","timestamp":"2024-06-13T14:58:17.009Z"}
{"level":"debug","message":"cheking metadata => title: (Terreneitor) description: (EL COCHE MAS PODEROSO QUE HA EXISTIDO). Metadata loaded successfully.","timestamp":"2024-06-13T14:59:38.850Z"}
{"level":"info","message":"User with email 'test@test.test' has opened the dashboard.","timestamp":"2024-06-13T14:59:39.196Z"}
{"level":"debug","message":"cheking metadata => title: (Terreneitor) description: (EL COCHE MAS PODEROSO QUE HA EXISTIDO). Metadata loaded successfully.","timestamp":"2024-06-13T14:59:39.587Z"}
{"level":"debug","message":"cheking metadata => title: (Terreneitor) description: (EL COCHE MAS PODEROSO QUE HA EXISTIDO). Metadata loaded successfully.","timestamp":"2024-06-13T15:03:39.836Z"}
{"level":"info","message":"User with email 'test@test.test' has opened the dashboard.","timestamp":"2024-06-13T15:03:40.236Z"}
{"level":"info","message":"User with email 'test@test.test' has opened the dashboard.","timestamp":"2024-06-13T15:03:40.240Z"}
{"level":"debug","message":"cheking metadata => title: (Terreneitor) description: (EL COCHE MAS PODEROSO QUE HA EXISTIDO). Metadata loaded successfully.","timestamp":"2024-06-13T15:03:40.584Z"}
{"level":"debug","message":"cheking metadata => title: (Terreneitor) description: (EL COCHE MAS PODEROSO QUE HA EXISTIDO). Metadata loaded successfully.","timestamp":"2024-06-13T15:05:45.393Z"}
{"level":"info","message":"User with email 'test@test.test' has opened the dashboard.","timestamp":"2024-06-13T15:05:45.743Z"}
{"level":"debug","message":"cheking metadata => title: (Terreneitor) description: (EL COCHE MAS PODEROSO QUE HA EXISTIDO). Metadata loaded successfully.","timestamp":"2024-06-13T15:05:46.133Z"}
{"level":"debug","message":"cheking metadata => title: (Terreneitor) description: (EL COCHE MAS PODEROSO QUE HA EXISTIDO). Metadata loaded successfully.","timestamp":"2024-06-13T15:06:18.753Z"}
{"level":"info","message":"User with email 'test@test.test' has opened the dashboard.","timestamp":"2024-06-13T15:06:19.113Z"}
{"level":"info","message":"User with email 'test@test.test' has opened the dashboard.","timestamp":"2024-06-13T15:06:19.492Z"}
{"level":"debug","message":"cheking metadata => title: (Terreneitor) description: (EL COCHE MAS PODEROSO QUE HA EXISTIDO). Metadata loaded successfully.","timestamp":"2024-06-13T15:06:19.549Z"}
{"level":"debug","message":"cheking metadata => title: (Terreneitor) description: (EL COCHE MAS PODEROSO QUE HA EXISTIDO). Metadata loaded successfully.","timestamp":"2024-06-13T15:07:09.038Z"}
{"level":"info","message":"User with email 'test@test.test' has opened the dashboard.","timestamp":"2024-06-13T15:07:09.148Z"}
{"level":"info","message":"User with email 'test@test.test' has opened the dashboard.","timestamp":"2024-06-13T15:07:09.686Z"}
{"level":"debug","message":"cheking metadata => title: (Terreneitor) description: (EL COCHE MAS PODEROSO QUE HA EXISTIDO). Metadata loaded successfully.","timestamp":"2024-06-13T15:07:09.879Z"}
{"level":"debug","message":"cheking metadata => title: (Terreneitor) description: (EL COCHE MAS PODEROSO QUE HA EXISTIDO). Metadata loaded successfully.","timestamp":"2024-06-13T15:07:17.313Z"}
{"level":"info","message":"User with email 'test@test.test' has opened the dashboard.","timestamp":"2024-06-13T15:07:17.517Z"}
{"level":"debug","message":"cheking metadata => title: (Terreneitor) description: (EL COCHE MAS PODEROSO QUE HA EXISTIDO). Metadata loaded successfully.","timestamp":"2024-06-13T15:07:18.126Z"}
{"level":"debug","message":"cheking metadata => title: (Terreneitor) description: (EL COCHE MAS PODEROSO QUE HA EXISTIDO). Metadata loaded successfully.","timestamp":"2024-06-13T15:09:51.935Z"}
{"level":"info","message":"User with email 'test@test.test' has opened the dashboard.","timestamp":"2024-06-13T15:09:52.008Z"}
{"level":"debug","message":"cheking metadata => title: (Terreneitor) description: (EL COCHE MAS PODEROSO QUE HA EXISTIDO). Metadata loaded successfully.","timestamp":"2024-06-13T15:09:52.674Z"}
{"level":"debug","message":"cheking metadata => title: (Terreneitor) description: (EL COCHE MAS PODEROSO QUE HA EXISTIDO). Metadata loaded successfully.","timestamp":"2024-06-13T23:22:57.423Z"}
{"level":"debug","message":"cheking metadata => title: (Terreneitor) description: (EL COCHE MAS PODEROSO QUE HA EXISTIDO). Metadata loaded successfully.","timestamp":"2024-06-13T23:22:57.572Z"}
{"level":"debug","message":"cheking metadata => title: (Terreneitor) description: (EL COCHE MAS PODEROSO QUE HA EXISTIDO). Metadata loaded successfully.","timestamp":"2024-06-13T23:23:13.389Z"}
{"level":"debug","message":"cheking metadata => title: (Terreneitor) description: (EL COCHE MAS PODEROSO QUE HA EXISTIDO). Metadata loaded successfully.","timestamp":"2024-06-13T23:23:13.733Z"}
{"level":"debug","message":"cheking metadata => title: (Terreneitor) description: (EL COCHE MAS PODEROSO QUE HA EXISTIDO). Metadata loaded successfully.","timestamp":"2024-06-13T23:23:13.967Z"}
{"level":"debug","message":"cheking metadata => title: (Terreneitor) description: (EL COCHE MAS PODEROSO QUE HA EXISTIDO). Metadata loaded successfully.","timestamp":"2024-06-13T23:23:15.661Z"}
{"level":"debug","message":"cheking metadata => title: (Terreneitor) description: (EL COCHE MAS PODEROSO QUE HA EXISTIDO). Metadata loaded successfully.","timestamp":"2024-06-13T23:23:15.959Z"}
{"level":"info","message":"User with email 'test@test.test' has opened the dashboard.","timestamp":"2024-06-13T23:23:15.992Z"}
{"level":"debug","message":"cheking metadata => title: (Terreneitor) description: (EL COCHE MAS PODEROSO QUE HA EXISTIDO). Metadata loaded successfully.","timestamp":"2024-06-13T23:23:16.209Z"}
{"level":"debug","message":"cheking metadata => title: (Terreneitor) description: (EL COCHE MAS PODEROSO QUE HA EXISTIDO). Metadata loaded successfully.","timestamp":"2024-06-13T23:23:22.675Z"}
{"level":"debug","message":"cheking metadata => title: (Terreneitor) description: (EL COCHE MAS PODEROSO QUE HA EXISTIDO). Metadata loaded successfully.","timestamp":"2024-06-13T23:23:22.851Z"}
{"level":"info","message":"User with email 'test@test.test' has opened the dashboard.","timestamp":"2024-06-13T23:23:22.864Z"}
{"level":"debug","message":"cheking metadata => title: (Terreneitor) description: (EL COCHE MAS PODEROSO QUE HA EXISTIDO). Metadata loaded successfully.","timestamp":"2024-06-13T23:23:23.235Z"}
{"level":"info","message":"User with email 'test@test.test' has opened the dashboard.","timestamp":"2024-06-13T23:23:49.118Z"}
{"level":"debug","message":"cheking metadata => title: (Terreneitor) description: (EL COCHE MAS PODEROSO QUE HA EXISTIDO). Metadata loaded successfully.","timestamp":"2024-06-13T23:23:49.227Z"}
{"level":"info","message":"User with email 'test@test.test' has opened the dashboard.","timestamp":"2024-06-13T23:23:51.614Z"}
{"level":"debug","message":"cheking metadata => title: (Terreneitor) description: (EL COCHE MAS PODEROSO QUE HA EXISTIDO). Metadata loaded successfully.","timestamp":"2024-06-13T23:23:52.023Z"}
{"level":"debug","message":"cheking metadata => title: (Terreneitor) description: (EL COCHE MAS PODEROSO QUE HA EXISTIDO). Metadata loaded successfully.","timestamp":"2024-06-13T23:24:32.274Z"}
{"level":"info","message":"User with email 'test@test.test' has opened the dashboard.","timestamp":"2024-06-13T23:24:32.369Z"}
{"level":"debug","message":"cheking metadata => title: (Terreneitor) description: (EL COCHE MAS PODEROSO QUE HA EXISTIDO). Metadata loaded successfully.","timestamp":"2024-06-13T23:24:32.658Z"}
{"level":"debug","message":"cheking metadata => title: (Terreneitor) description: (EL COCHE MAS PODEROSO QUE HA EXISTIDO). Metadata loaded successfully.","timestamp":"2024-06-13T23:24:47.534Z"}
{"level":"info","message":"User with email 'test@test.test' has opened the dashboard.","timestamp":"2024-06-13T23:24:47.618Z"}
{"level":"debug","message":"cheking metadata => title: (Terreneitor) description: (EL COCHE MAS PODEROSO QUE HA EXISTIDO). Metadata loaded successfully.","timestamp":"2024-06-13T23:24:48.006Z"}
{"level":"debug","message":"cheking metadata => title: (Terreneitor) description: (EL COCHE MAS PODEROSO QUE HA EXISTIDO). Metadata loaded successfully.","timestamp":"2024-06-13T23:25:24.995Z"}
{"level":"info","message":"User with email 'test@test.test' has opened the dashboard.","timestamp":"2024-06-13T23:25:25.025Z"}
{"level":"debug","message":"cheking metadata => title: (Terreneitor) description: (EL COCHE MAS PODEROSO QUE HA EXISTIDO). Metadata loaded successfully.","timestamp":"2024-06-13T23:25:25.677Z"}
{"level":"debug","message":"cheking metadata => title: (Terreneitor) description: (EL COCHE MAS PODEROSO QUE HA EXISTIDO). Metadata loaded successfully.","timestamp":"2024-06-13T23:25:29.709Z"}
{"level":"info","message":"User with email 'test@test.test' has opened the dashboard.","timestamp":"2024-06-13T23:25:29.732Z"}
{"level":"debug","message":"cheking metadata => title: (Terreneitor) description: (EL COCHE MAS PODEROSO QUE HA EXISTIDO). Metadata loaded successfully.","timestamp":"2024-06-13T23:25:30.185Z"}
{"level":"debug","message":"cheking metadata => title: (Terreneitor) description: (EL COCHE MAS PODEROSO QUE HA EXISTIDO). Metadata loaded successfully.","timestamp":"2024-06-13T23:25:36.101Z"}
{"level":"info","message":"User with email 'test@test.test' has opened the dashboard.","timestamp":"2024-06-13T23:25:36.127Z"}
{"level":"debug","message":"cheking metadata => title: (Terreneitor) description: (EL COCHE MAS PODEROSO QUE HA EXISTIDO). Metadata loaded successfully.","timestamp":"2024-06-13T23:25:36.514Z"}
{"level":"debug","message":"cheking metadata => title: (Terreneitor) description: (EL COCHE MAS PODEROSO QUE HA EXISTIDO). Metadata loaded successfully.","timestamp":"2024-06-13T23:25:40.539Z"}
{"level":"info","message":"User with email 'test@test.test' has opened the dashboard.","timestamp":"2024-06-13T23:25:40.559Z"}
{"level":"debug","message":"cheking metadata => title: (Terreneitor) description: (EL COCHE MAS PODEROSO QUE HA EXISTIDO). Metadata loaded successfully.","timestamp":"2024-06-13T23:25:40.973Z"}
{"level":"debug","message":"cheking metadata => title: (Terreneitor) description: (EL COCHE MAS PODEROSO QUE HA EXISTIDO). Metadata loaded successfully.","timestamp":"2024-06-13T23:26:11.247Z"}
{"level":"info","message":"User with email 'test@test.test' has opened the dashboard.","timestamp":"2024-06-13T23:26:11.344Z"}
{"level":"debug","message":"cheking metadata => title: (Terreneitor) description: (EL COCHE MAS PODEROSO QUE HA EXISTIDO). Metadata loaded successfully.","timestamp":"2024-06-13T23:26:11.634Z"}
{"level":"debug","message":"cheking metadata => title: (Terreneitor) description: (EL COCHE MAS PODEROSO QUE HA EXISTIDO). Metadata loaded successfully.","timestamp":"2024-06-13T23:26:18.340Z"}
{"level":"info","message":"User with email 'test@test.test' has opened the dashboard.","timestamp":"2024-06-13T23:26:18.363Z"}
{"level":"debug","message":"cheking metadata => title: (Terreneitor) description: (EL COCHE MAS PODEROSO QUE HA EXISTIDO). Metadata loaded successfully.","timestamp":"2024-06-13T23:26:18.795Z"}
{"level":"debug","message":"cheking metadata => title: (Terreneitor) description: (EL COCHE MAS PODEROSO QUE HA EXISTIDO). Metadata loaded successfully.","timestamp":"2024-06-13T23:26:24.075Z"}
{"level":"info","message":"User with email 'test@test.test' has opened the dashboard.","timestamp":"2024-06-13T23:26:24.097Z"}
{"level":"debug","message":"cheking metadata => title: (Terreneitor) description: (EL COCHE MAS PODEROSO QUE HA EXISTIDO). Metadata loaded successfully.","timestamp":"2024-06-13T23:26:24.531Z"}
{"level":"debug","message":"cheking metadata => title: (Terreneitor) description: (EL COCHE MAS PODEROSO QUE HA EXISTIDO). Metadata loaded successfully.","timestamp":"2024-06-13T23:26:29.420Z"}
{"level":"info","message":"User with email 'test@test.test' has opened the dashboard.","timestamp":"2024-06-13T23:26:29.447Z"}
{"level":"debug","message":"cheking metadata => title: (Terreneitor) description: (EL COCHE MAS PODEROSO QUE HA EXISTIDO). Metadata loaded successfully.","timestamp":"2024-06-13T23:26:29.847Z"}
{"level":"debug","message":"cheking metadata => title: (Terreneitor) description: (EL COCHE MAS PODEROSO QUE HA EXISTIDO). Metadata loaded successfully.","timestamp":"2024-06-13T23:27:04.208Z"}
{"level":"info","message":"User with email 'test@test.test' has opened the dashboard.","timestamp":"2024-06-13T23:27:04.235Z"}
{"level":"debug","message":"cheking metadata => title: (Terreneitor) description: (EL COCHE MAS PODEROSO QUE HA EXISTIDO). Metadata loaded successfully.","timestamp":"2024-06-13T23:27:04.622Z"}
{"level":"debug","message":"cheking metadata => title: (Terreneitor) description: (EL COCHE MAS PODEROSO QUE HA EXISTIDO). Metadata loaded successfully.","timestamp":"2024-06-13T23:27:30.345Z"}
{"level":"info","message":"User with email 'test@test.test' has opened the dashboard.","timestamp":"2024-06-13T23:27:30.373Z"}
{"level":"debug","message":"cheking metadata => title: (Terreneitor) description: (EL COCHE MAS PODEROSO QUE HA EXISTIDO). Metadata loaded successfully.","timestamp":"2024-06-13T23:27:30.817Z"}
{"level":"debug","message":"cheking metadata => title: (Terreneitor) description: (EL COCHE MAS PODEROSO QUE HA EXISTIDO). Metadata loaded successfully.","timestamp":"2024-06-13T23:28:11.003Z"}
{"level":"info","message":"User with email 'test@test.test' has opened the dashboard.","timestamp":"2024-06-13T23:28:11.026Z"}
{"level":"debug","message":"cheking metadata => title: (Terreneitor) description: (EL COCHE MAS PODEROSO QUE HA EXISTIDO). Metadata loaded successfully.","timestamp":"2024-06-13T23:28:11.395Z"}
{"level":"debug","message":"cheking metadata => title: (Terreneitor) description: (EL COCHE MAS PODEROSO QUE HA EXISTIDO). Metadata loaded successfully.","timestamp":"2024-06-13T23:28:27.730Z"}
{"level":"info","message":"User with email 'test@test.test' has opened the dashboard.","timestamp":"2024-06-13T23:28:27.757Z"}
{"level":"debug","message":"cheking metadata => title: (Terreneitor) description: (EL COCHE MAS PODEROSO QUE HA EXISTIDO). Metadata loaded successfully.","timestamp":"2024-06-13T23:28:28.209Z"}
{"level":"info","message":"User with email 'test@test.test' has opened the dashboard.","timestamp":"2024-06-13T23:35:31.690Z"}
{"level":"debug","message":"cheking metadata => title: (Terreneitor) description: (EL COCHE MAS PODEROSO QUE HA EXISTIDO). Metadata loaded successfully.","timestamp":"2024-06-13T23:35:31.988Z"}
{"level":"debug","message":"cheking metadata => title: (Terreneitor) description: (EL COCHE MAS PODEROSO QUE HA EXISTIDO). Metadata loaded successfully.","timestamp":"2024-06-13T23:36:20.563Z"}
{"level":"debug","message":"cheking metadata => title: (Terreneitor) description: (EL COCHE MAS PODEROSO QUE HA EXISTIDO). Metadata loaded successfully.","timestamp":"2024-06-14T01:31:26.528Z"}
{"level":"debug","message":"cheking metadata => title: (Terreneitor) description: (EL COCHE MAS PODEROSO QUE HA EXISTIDO). Metadata loaded successfully.","timestamp":"2024-06-14T01:31:26.588Z"}
{"level":"debug","message":"cheking metadata => title: (Terreneitor) description: (EL COCHE MAS PODEROSO QUE HA EXISTIDO). Metadata loaded successfully.","timestamp":"2024-06-14T01:31:45.131Z"}
{"level":"debug","message":"cheking metadata => title: (Terreneitor) description: (EL COCHE MAS PODEROSO QUE HA EXISTIDO). Metadata loaded successfully.","timestamp":"2024-06-14T01:31:45.504Z"}
{"level":"debug","message":"cheking metadata => title: (Terreneitor) description: (EL COCHE MAS PODEROSO QUE HA EXISTIDO). Metadata loaded successfully.","timestamp":"2024-06-14T01:31:45.714Z"}
{"level":"debug","message":"cheking metadata => title: (Terreneitor) description: (EL COCHE MAS PODEROSO QUE HA EXISTIDO). Metadata loaded successfully.","timestamp":"2024-06-14T01:31:47.546Z"}
{"level":"debug","message":"cheking metadata => title: (Terreneitor) description: (EL COCHE MAS PODEROSO QUE HA EXISTIDO). Metadata loaded successfully.","timestamp":"2024-06-14T01:31:47.865Z"}
{"level":"info","message":"User with email 'test@test.test' has opened the dashboard.","timestamp":"2024-06-14T01:31:47.905Z"}
{"level":"debug","message":"cheking metadata => title: (Terreneitor) description: (EL COCHE MAS PODEROSO QUE HA EXISTIDO). Metadata loaded successfully.","timestamp":"2024-06-14T01:31:48.105Z"}
{"level":"debug","message":"cheking metadata => title: (Terreneitor) description: (EL COCHE MAS PODEROSO QUE HA EXISTIDO). Metadata loaded successfully.","timestamp":"2024-06-14T01:31:52.499Z"}
{"level":"debug","message":"cheking metadata => title: (Terreneitor) description: (EL COCHE MAS PODEROSO QUE HA EXISTIDO). Metadata loaded successfully.","timestamp":"2024-06-14T01:31:52.645Z"}
{"level":"debug","message":"cheking metadata => title: (Terreneitor) description: (EL COCHE MAS PODEROSO QUE HA EXISTIDO). Metadata loaded successfully.","timestamp":"2024-06-14T01:32:14.745Z"}
{"level":"debug","message":"cheking metadata => title: (Terreneitor) description: (EL COCHE MAS PODEROSO QUE HA EXISTIDO). Metadata loaded successfully.","timestamp":"2024-06-14T01:32:14.811Z"}
{"level":"debug","message":"cheking metadata => title: (Terreneitor) description: (EL COCHE MAS PODEROSO QUE HA EXISTIDO). Metadata loaded successfully.","timestamp":"2024-06-14T01:32:44.362Z"}
{"level":"debug","message":"cheking metadata => title: (Terreneitor) description: (EL COCHE MAS PODEROSO QUE HA EXISTIDO). Metadata loaded successfully.","timestamp":"2024-06-14T01:33:01.502Z"}
{"level":"info","message":"User with email 'test@test.test' has opened the dashboard.","timestamp":"2024-06-14T01:33:02.682Z"}
{"level":"debug","message":"cheking metadata => title: (Terreneitor) description: (EL COCHE MAS PODEROSO QUE HA EXISTIDO). Metadata loaded successfully.","timestamp":"2024-06-14T01:33:03.095Z"}
{"level":"debug","message":"cheking metadata => title: (Terreneitor) description: (EL COCHE MAS PODEROSO QUE HA EXISTIDO). Metadata loaded successfully.","timestamp":"2024-06-14T01:33:10.194Z"}
{"level":"debug","message":"cheking metadata => title: (Terreneitor) description: (EL COCHE MAS PODEROSO QUE HA EXISTIDO). Metadata loaded successfully.","timestamp":"2024-06-14T01:33:10.408Z"}
{"level":"info","message":"User with email 'test@test.test' has opened the dashboard.","timestamp":"2024-06-14T01:33:10.440Z"}
{"level":"debug","message":"cheking metadata => title: (Terreneitor) description: (EL COCHE MAS PODEROSO QUE HA EXISTIDO). Metadata loaded successfully.","timestamp":"2024-06-14T01:33:10.756Z"}
{"level":"debug","message":"cheking metadata => title: (Terreneitor) description: (EL COCHE MAS PODEROSO QUE HA EXISTIDO). Metadata loaded successfully.","timestamp":"2024-06-18T02:47:44.218Z"}
{"level":"debug","message":"cheking metadata => title: (Terreneitor) description: (EL COCHE MAS PODEROSO QUE HA EXISTIDO). Metadata loaded successfully.","timestamp":"2024-06-18T02:47:44.337Z"}
{"level":"debug","message":"cheking metadata => title: (Terreneitor) description: (EL COCHE MAS PODEROSO QUE HA EXISTIDO). Metadata loaded successfully.","timestamp":"2024-06-18T02:47:59.811Z"}
{"level":"debug","message":"cheking metadata => title: (Terreneitor) description: (EL COCHE MAS PODEROSO QUE HA EXISTIDO). Metadata loaded successfully.","timestamp":"2024-06-18T02:48:00.026Z"}
{"level":"debug","message":"cheking metadata => title: (Terreneitor) description: (EL COCHE MAS PODEROSO QUE HA EXISTIDO). Metadata loaded successfully.","timestamp":"2024-06-18T02:48:00.443Z"}
{"level":"debug","message":"cheking metadata => title: (Terreneitor) description: (EL COCHE MAS PODEROSO QUE HA EXISTIDO). Metadata loaded successfully.","timestamp":"2024-06-18T02:48:14.225Z"}
{"level":"debug","message":"cheking metadata => title: (Terreneitor) description: (EL COCHE MAS PODEROSO QUE HA EXISTIDO). Metadata loaded successfully.","timestamp":"2024-06-18T02:48:14.404Z"}
{"level":"debug","message":"cheking metadata => title: (Terreneitor) description: (EL COCHE MAS PODEROSO QUE HA EXISTIDO). Metadata loaded successfully.","timestamp":"2024-06-18T02:48:18.081Z"}
{"level":"debug","message":"cheking metadata => title: (Terreneitor) description: (EL COCHE MAS PODEROSO QUE HA EXISTIDO). Metadata loaded successfully.","timestamp":"2024-06-18T02:48:22.412Z"}
{"level":"debug","message":"cheking metadata => title: (Terreneitor) description: (EL COCHE MAS PODEROSO QUE HA EXISTIDO). Metadata loaded successfully.","timestamp":"2024-06-18T02:48:42.558Z"}
{"level":"debug","message":"cheking metadata => title: (Terreneitor) description: (EL COCHE MAS PODEROSO QUE HA EXISTIDO). Metadata loaded successfully.","timestamp":"2024-06-18T02:48:42.709Z"}
{"level":"debug","message":"cheking metadata => title: (Terreneitor) description: (EL COCHE MAS PODEROSO QUE HA EXISTIDO). Metadata loaded successfully.","timestamp":"2024-06-18T02:48:43.599Z"}
{"level":"debug","message":"cheking metadata => title: (Terreneitor) description: (EL COCHE MAS PODEROSO QUE HA EXISTIDO). Metadata loaded successfully.","timestamp":"2024-06-18T02:49:47.549Z"}
{"level":"debug","message":"cheking metadata => title: (Terreneitor) description: (EL COCHE MAS PODEROSO QUE HA EXISTIDO). Metadata loaded successfully.","timestamp":"2024-06-18T02:49:47.965Z"}
{"level":"debug","message":"cheking metadata => title: (Terreneitor) description: (EL COCHE MAS PODEROSO QUE HA EXISTIDO). Metadata loaded successfully.","timestamp":"2024-06-18T02:49:59.201Z"}
{"level":"debug","message":"cheking metadata => title: (Terreneitor) description: (EL COCHE MAS PODEROSO QUE HA EXISTIDO). Metadata loaded successfully.","timestamp":"2024-06-18T02:50:01.091Z"}
{"level":"debug","message":"cheking metadata => title: (Terreneitor) description: (EL COCHE MAS PODEROSO QUE HA EXISTIDO). Metadata loaded successfully.","timestamp":"2024-06-18T02:50:02.844Z"}
{"level":"debug","message":"cheking metadata => title: (Terreneitor) description: (EL COCHE MAS PODEROSO QUE HA EXISTIDO). Metadata loaded successfully.","timestamp":"2024-06-18T02:50:07.107Z"}
{"level":"debug","message":"cheking metadata => title: (Terreneitor) description: (EL COCHE MAS PODEROSO QUE HA EXISTIDO). Metadata loaded successfully.","timestamp":"2024-06-18T02:50:07.587Z"}
{"level":"debug","message":"cheking metadata => title: (Terreneitor) description: (EL COCHE MAS PODEROSO QUE HA EXISTIDO). Metadata loaded successfully.","timestamp":"2024-06-18T02:50:08.261Z"}
{"level":"debug","message":"cheking metadata => title: (Terreneitor) description: (EL COCHE MAS PODEROSO QUE HA EXISTIDO). Metadata loaded successfully.","timestamp":"2024-06-18T02:50:08.334Z"}
{"level":"debug","message":"cheking metadata => title: (Terreneitor) description: (EL COCHE MAS PODEROSO QUE HA EXISTIDO). Metadata loaded successfully.","timestamp":"2024-06-18T19:05:22.317Z"}
{"level":"debug","message":"cheking metadata => title: (Terreneitor) description: (EL COCHE MAS PODEROSO QUE HA EXISTIDO). Metadata loaded successfully.","timestamp":"2024-06-18T19:05:22.429Z"}
{"level":"debug","message":"cheking metadata => title: (Terreneitor) description: (EL COCHE MAS PODEROSO QUE HA EXISTIDO). Metadata loaded successfully.","timestamp":"2024-06-18T19:05:34.641Z"}
{"level":"debug","message":"cheking metadata => title: (Terreneitor) description: (EL COCHE MAS PODEROSO QUE HA EXISTIDO). Metadata loaded successfully.","timestamp":"2024-06-18T19:05:34.881Z"}
{"level":"debug","message":"cheking metadata => title: (Terreneitor) description: (EL COCHE MAS PODEROSO QUE HA EXISTIDO). Metadata loaded successfully.","timestamp":"2024-06-18T19:06:23.621Z"}
{"level":"debug","message":"cheking metadata => title: (Terreneitor) description: (EL COCHE MAS PODEROSO QUE HA EXISTIDO). Metadata loaded successfully.","timestamp":"2024-06-18T19:06:24.371Z"}
{"level":"debug","message":"cheking metadata => title: (Terreneitor) description: (EL COCHE MAS PODEROSO QUE HA EXISTIDO). Metadata loaded successfully.","timestamp":"2024-06-18T19:07:15.398Z"}
{"level":"debug","message":"cheking metadata => title: (Terreneitor) description: (EL COCHE MAS PODEROSO QUE HA EXISTIDO). Metadata loaded successfully.","timestamp":"2024-06-18T19:07:18.755Z"}
{"level":"debug","message":"cheking metadata => title: (Terreneitor) description: (EL COCHE MAS PODEROSO QUE HA EXISTIDO). Metadata loaded successfully.","timestamp":"2024-06-18T19:07:33.368Z"}
{"level":"debug","message":"cheking metadata => title: (Terreneitor) description: (EL COCHE MAS PODEROSO QUE HA EXISTIDO). Metadata loaded successfully.","timestamp":"2024-06-18T19:07:33.568Z"}
{"level":"debug","message":"cheking metadata => title: (Terreneitor) description: (EL COCHE MAS PODEROSO QUE HA EXISTIDO). Metadata loaded successfully.","timestamp":"2024-06-18T19:07:35.264Z"}
{"level":"debug","message":"cheking metadata => title: (Terreneitor) description: (EL COCHE MAS PODEROSO QUE HA EXISTIDO). Metadata loaded successfully.","timestamp":"2024-06-18T19:07:42.689Z"}
{"level":"info","message":"User with email 'test@test.test' has opened the dashboard.","timestamp":"2024-06-18T19:07:43.635Z"}
{"level":"debug","message":"cheking metadata => title: (Terreneitor) description: (EL COCHE MAS PODEROSO QUE HA EXISTIDO). Metadata loaded successfully.","timestamp":"2024-06-18T19:07:44.176Z"}
{"level":"debug","message":"cheking metadata => title: (Terreneitor) description: (EL COCHE MAS PODEROSO QUE HA EXISTIDO). Metadata loaded successfully.","timestamp":"2024-06-18T19:07:54.245Z"}
{"level":"debug","message":"cheking metadata => title: (Terreneitor) description: (EL COCHE MAS PODEROSO QUE HA EXISTIDO). Metadata loaded successfully.","timestamp":"2024-06-18T19:07:54.298Z"}
{"level":"debug","message":"cheking metadata => title: (Terreneitor) description: (EL COCHE MAS PODEROSO QUE HA EXISTIDO). Metadata loaded successfully.","timestamp":"2024-06-18T19:08:55.033Z"}
{"level":"debug","message":"cheking metadata => title: (Terreneitor) description: (EL COCHE MAS PODEROSO QUE HA EXISTIDO). Metadata loaded successfully.","timestamp":"2024-06-18T19:08:55.757Z"}
{"level":"debug","message":"cheking metadata => title: (Terreneitor) description: (EL COCHE MAS PODEROSO QUE HA EXISTIDO). Metadata loaded successfully.","timestamp":"2024-06-18T19:09:04.924Z"}
{"level":"debug","message":"cheking metadata => title: (Terreneitor) description: (EL COCHE MAS PODEROSO QUE HA EXISTIDO). Metadata loaded successfully.","timestamp":"2024-06-18T19:09:07.485Z"}
{"level":"debug","message":"cheking metadata => title: (Terreneitor) description: (EL COCHE MAS PODEROSO QUE HA EXISTIDO). Metadata loaded successfully.","timestamp":"2024-06-18T19:09:08.245Z"}
{"level":"debug","message":"cheking metadata => title: (Terreneitor) description: (EL COCHE MAS PODEROSO QUE HA EXISTIDO). Metadata loaded successfully.","timestamp":"2024-06-18T19:09:08.972Z"}
{"level":"debug","message":"cheking metadata => title: (Terreneitor) description: (EL COCHE MAS PODEROSO QUE HA EXISTIDO). Metadata loaded successfully.","timestamp":"2024-06-18T19:09:16.026Z"}
{"level":"debug","message":"cheking metadata => title: (Terreneitor) description: (EL COCHE MAS PODEROSO QUE HA EXISTIDO). Metadata loaded successfully.","timestamp":"2024-06-18T19:09:16.880Z"}
{"level":"debug","message":"cheking metadata => title: (Terreneitor) description: (EL COCHE MAS PODEROSO QUE HA EXISTIDO). Metadata loaded successfully.","timestamp":"2024-06-18T19:09:17.592Z"}
{"level":"debug","message":"cheking metadata => title: (Terreneitor) description: (EL COCHE MAS PODEROSO QUE HA EXISTIDO). Metadata loaded successfully.","timestamp":"2024-06-18T19:09:31.876Z"}
{"level":"info","message":"User with email 'test@test.test' has opened the dashboard.","timestamp":"2024-06-18T19:09:32.840Z"}
{"level":"debug","message":"cheking metadata => title: (Terreneitor) description: (EL COCHE MAS PODEROSO QUE HA EXISTIDO). Metadata loaded successfully.","timestamp":"2024-06-18T19:09:33.328Z"}
{"level":"debug","message":"cheking metadata => title: (Terreneitor) description: (EL COCHE MAS PODEROSO QUE HA EXISTIDO). Metadata loaded successfully.","timestamp":"2024-06-18T19:09:40.973Z"}
{"level":"debug","message":"cheking metadata => title: (Terreneitor) description: (EL COCHE MAS PODEROSO QUE HA EXISTIDO). Metadata loaded successfully.","timestamp":"2024-06-18T19:09:41.198Z"}
{"level":"debug","message":"cheking metadata => title: (Terreneitor) description: (EL COCHE MAS PODEROSO QUE HA EXISTIDO). Metadata loaded successfully.","timestamp":"2024-06-18T19:14:22.312Z"}
{"level":"debug","message":"cheking metadata => title: (Terreneitor) description: (EL COCHE MAS PODEROSO QUE HA EXISTIDO). Metadata loaded successfully.","timestamp":"2024-06-18T19:14:23.010Z"}
{"level":"debug","message":"cheking metadata => title: (Terreneitor) description: (EL COCHE MAS PODEROSO QUE HA EXISTIDO). Metadata loaded successfully.","timestamp":"2024-06-18T19:25:08.581Z"}
{"level":"debug","message":"cheking metadata => title: (Terreneitor) description: (EL COCHE MAS PODEROSO QUE HA EXISTIDO). Metadata loaded successfully.","timestamp":"2024-06-18T19:25:08.678Z"}
{"level":"debug","message":"cheking metadata => title: (Terreneitor) description: (EL COCHE MAS PODEROSO QUE HA EXISTIDO). Metadata loaded successfully.","timestamp":"2024-06-18T19:25:10.541Z"}
{"level":"debug","message":"cheking metadata => title: (Terreneitor) description: (EL COCHE MAS PODEROSO QUE HA EXISTIDO). Metadata loaded successfully.","timestamp":"2024-06-18T19:25:40.607Z"}
{"level":"debug","message":"cheking metadata => title: (Terreneitor) description: (EL COCHE MAS PODEROSO QUE HA EXISTIDO). Metadata loaded successfully.","timestamp":"2024-06-18T19:25:40.891Z"}
{"level":"debug","message":"cheking metadata => title: (Terreneitor) description: (EL COCHE MAS PODEROSO QUE HA EXISTIDO). Metadata loaded successfully.","timestamp":"2024-06-18T19:25:42.526Z"}
{"level":"debug","message":"cheking metadata => title: (Terreneitor) description: (EL COCHE MAS PODEROSO QUE HA EXISTIDO). Metadata loaded successfully.","timestamp":"2024-06-18T19:25:55.963Z"}
{"level":"debug","message":"cheking metadata => title: (Terreneitor) description: (EL COCHE MAS PODEROSO QUE HA EXISTIDO). Metadata loaded successfully.","timestamp":"2024-06-18T19:25:58.010Z"}
{"level":"debug","message":"cheking metadata => title: (Terreneitor) description: (EL COCHE MAS PODEROSO QUE HA EXISTIDO). Metadata loaded successfully.","timestamp":"2024-06-18T19:30:21.751Z"}
{"level":"debug","message":"cheking metadata => title: (Terreneitor) description: (EL COCHE MAS PODEROSO QUE HA EXISTIDO). Metadata loaded successfully.","timestamp":"2024-06-18T19:30:21.840Z"}
{"level":"debug","message":"Received data: tgaeteb@gmail.com, Toms, Gaete, $2a$10$3b1i6a7orGddEcP95H1AI.qbQ3QL9fTk7xnJQOq.IJeOI.1rF8O8e, 5, 1, true","timestamp":"2024-06-18T19:30:41.408Z"}
{"level":"debug","message":"cheking metadata => title: (Terreneitor) description: (EL COCHE MAS PODEROSO QUE HA EXISTIDO). Metadata loaded successfully.","timestamp":"2024-06-18T19:30:41.827Z"}
{"level":"info","message":"New user has been created with the email:'tgaeteb@gmail.com'.","timestamp":"2024-06-18T19:30:42.371Z"}
{"level":"debug","message":"cheking metadata => title: (Terreneitor) description: (EL COCHE MAS PODEROSO QUE HA EXISTIDO). Metadata loaded successfully.","timestamp":"2024-06-18T19:30:45.254Z"}
{"level":"debug","message":"cheking metadata => title: (Terreneitor) description: (EL COCHE MAS PODEROSO QUE HA EXISTIDO). Metadata loaded successfully.","timestamp":"2024-06-18T19:30:45.428Z"}
{"level":"info","message":"User with email 'tgaeteb@gmail.com' has opened the dashboard.","timestamp":"2024-06-18T19:30:46.111Z"}
{"level":"debug","message":"cheking metadata => title: (Terreneitor) description: (EL COCHE MAS PODEROSO QUE HA EXISTIDO). Metadata loaded successfully.","timestamp":"2024-06-18T19:30:52.393Z"}
{"level":"debug","message":"cheking metadata => title: (Terreneitor) description: (EL COCHE MAS PODEROSO QUE HA EXISTIDO). Metadata loaded successfully.","timestamp":"2024-06-18T19:30:52.615Z"}
{"level":"debug","message":"cheking metadata => title: (Terreneitor) description: (EL COCHE MAS PODEROSO QUE HA EXISTIDO). Metadata loaded successfully.","timestamp":"2024-06-18T19:30:54.638Z"}
{"level":"debug","message":"cheking metadata => title: (Terreneitor) description: (EL COCHE MAS PODEROSO QUE HA EXISTIDO). Metadata loaded successfully.","timestamp":"2024-06-18T19:30:55.683Z"}
{"level":"info","message":"User with email 'tgaeteb@gmail.com' has opened the dashboard.","timestamp":"2024-06-18T19:30:56.099Z"}
{"level":"debug","message":"cheking metadata => title: (Terreneitor) description: (EL COCHE MAS PODEROSO QUE HA EXISTIDO). Metadata loaded successfully.","timestamp":"2024-06-18T19:30:56.578Z"}
{"level":"debug","message":"cheking metadata => title: (Terreneitor) description: (EL COCHE MAS PODEROSO QUE HA EXISTIDO). Metadata loaded successfully.","timestamp":"2024-06-18T19:31:13.132Z"}
{"level":"debug","message":"cheking metadata => title: (Terreneitor) description: (EL COCHE MAS PODEROSO QUE HA EXISTIDO). Metadata loaded successfully.","timestamp":"2024-06-18T19:31:13.191Z"}
{"level":"debug","message":"cheking metadata => title: (Terreneitor) description: (EL COCHE MAS PODEROSO QUE HA EXISTIDO). Metadata loaded successfully.","timestamp":"2024-06-18T19:31:21.133Z"}
{"level":"debug","message":"cheking metadata => title: (Terreneitor) description: (EL COCHE MAS PODEROSO QUE HA EXISTIDO). Metadata loaded successfully.","timestamp":"2024-06-18T19:31:41.635Z"}
{"level":"debug","message":"cheking metadata => title: (Terreneitor) description: (EL COCHE MAS PODEROSO QUE HA EXISTIDO). Metadata loaded successfully.","timestamp":"2024-06-18T19:32:16.504Z"}
{"level":"debug","message":"cheking metadata => title: (Terreneitor) description: (EL COCHE MAS PODEROSO QUE HA EXISTIDO). Metadata loaded successfully.","timestamp":"2024-06-18T19:32:17.206Z"}
{"level":"info","message":"User with email 'tgaeteb@gmail.com' has opened the dashboard.","timestamp":"2024-06-18T19:32:18.264Z"}
{"level":"debug","message":"cheking metadata => title: (Terreneitor) description: (EL COCHE MAS PODEROSO QUE HA EXISTIDO). Metadata loaded successfully.","timestamp":"2024-06-18T19:32:18.724Z"}
{"level":"debug","message":"cheking metadata => title: (Terreneitor) description: (EL COCHE MAS PODEROSO QUE HA EXISTIDO). Metadata loaded successfully.","timestamp":"2024-06-18T19:32:29.891Z"}
{"level":"debug","message":"cheking metadata => title: (Terreneitor) description: (EL COCHE MAS PODEROSO QUE HA EXISTIDO). Metadata loaded successfully.","timestamp":"2024-06-18T19:32:30.203Z"}
{"level":"debug","message":"cheking metadata => title: (Terreneitor) description: (EL COCHE MAS PODEROSO QUE HA EXISTIDO). Metadata loaded successfully.","timestamp":"2024-06-18T19:37:40.272Z"}
{"level":"debug","message":"cheking metadata => title: (Terreneitor) description: (EL COCHE MAS PODEROSO QUE HA EXISTIDO). Metadata loaded successfully.","timestamp":"2024-06-18T19:37:41.018Z"}
{"level":"debug","message":"cheking metadata => title: (Terreneitor) description: (EL COCHE MAS PODEROSO QUE HA EXISTIDO). Metadata loaded successfully.","timestamp":"2024-06-18T19:39:51.681Z"}
{"level":"debug","message":"cheking metadata => title: (Terreneitor) description: (EL COCHE MAS PODEROSO QUE HA EXISTIDO). Metadata loaded successfully.","timestamp":"2024-06-18T19:39:52.408Z"}
{"level":"debug","message":"cheking metadata => title: (Terreneitor) description: (EL COCHE MAS PODEROSO QUE HA EXISTIDO). Metadata loaded successfully.","timestamp":"2024-06-18T19:39:58.913Z"}
{"level":"debug","message":"cheking metadata => title: (Terreneitor) description: (EL COCHE MAS PODEROSO QUE HA EXISTIDO). Metadata loaded successfully.","timestamp":"2024-06-18T19:40:01.350Z"}
{"level":"debug","message":"cheking metadata => title: (Terreneitor) description: (EL COCHE MAS PODEROSO QUE HA EXISTIDO). Metadata loaded successfully.","timestamp":"2024-06-18T19:40:02.778Z"}
{"level":"debug","message":"cheking metadata => title: (Terreneitor) description: (EL COCHE MAS PODEROSO QUE HA EXISTIDO). Metadata loaded successfully.","timestamp":"2024-06-18T19:40:03.536Z"}
{"level":"debug","message":"cheking metadata => title: (Terreneitor) description: (EL COCHE MAS PODEROSO QUE HA EXISTIDO). Metadata loaded successfully.","timestamp":"2024-06-18T19:40:04.197Z"}
{"level":"info","message":"User with email 'tgaeteb@gmail.com' has opened the dashboard.","timestamp":"2024-06-18T19:40:04.667Z"}
{"level":"debug","message":"cheking metadata => title: (Terreneitor) description: (EL COCHE MAS PODEROSO QUE HA EXISTIDO). Metadata loaded successfully.","timestamp":"2024-06-18T19:40:04.888Z"}
{"level":"debug","message":"cheking metadata => title: (Terreneitor) description: (EL COCHE MAS PODEROSO QUE HA EXISTIDO). Metadata loaded successfully.","timestamp":"2024-06-18T19:40:34.448Z"}
{"level":"info","message":"User with email 'tgaeteb@gmail.com' has opened the dashboard.","timestamp":"2024-06-18T19:40:35.107Z"}
{"level":"debug","message":"cheking metadata => title: (Terreneitor) description: (EL COCHE MAS PODEROSO QUE HA EXISTIDO). Metadata loaded successfully.","timestamp":"2024-06-18T19:40:35.238Z"}
{"level":"debug","message":"cheking metadata => title: (Terreneitor) description: (EL COCHE MAS PODEROSO QUE HA EXISTIDO). Metadata loaded successfully.","timestamp":"2024-06-18T19:41:42.988Z"}
{"level":"debug","message":"cheking metadata => title: (Terreneitor) description: (EL COCHE MAS PODEROSO QUE HA EXISTIDO). Metadata loaded successfully.","timestamp":"2024-06-18T19:41:43.277Z"}
{"level":"debug","message":"cheking metadata => title: (Terreneitor) description: (EL COCHE MAS PODEROSO QUE HA EXISTIDO). Metadata loaded successfully.","timestamp":"2024-06-18T19:41:58.930Z"}
{"level":"debug","message":"cheking metadata => title: (Terreneitor) description: (EL COCHE MAS PODEROSO QUE HA EXISTIDO). Metadata loaded successfully.","timestamp":"2024-06-18T19:41:59.644Z"}
{"level":"debug","message":"cheking metadata => title: (Terreneitor) description: (EL COCHE MAS PODEROSO QUE HA EXISTIDO). Metadata loaded successfully.","timestamp":"2024-06-18T19:42:01.979Z"}
{"level":"debug","message":"cheking metadata => title: (Terreneitor) description: (EL COCHE MAS PODEROSO QUE HA EXISTIDO). Metadata loaded successfully.","timestamp":"2024-06-18T19:42:02.711Z"}
{"level":"debug","message":"cheking metadata => title: (Terreneitor) description: (EL COCHE MAS PODEROSO QUE HA EXISTIDO). Metadata loaded successfully.","timestamp":"2024-06-18T19:42:04.073Z"}
{"level":"debug","message":"cheking metadata => title: (Terreneitor) description: (EL COCHE MAS PODEROSO QUE HA EXISTIDO). Metadata loaded successfully.","timestamp":"2024-06-18T19:44:34.156Z"}
{"level":"debug","message":"cheking metadata => title: (Terreneitor) description: (EL COCHE MAS PODEROSO QUE HA EXISTIDO). Metadata loaded successfully.","timestamp":"2024-06-18T19:44:34.942Z"}
